     Creating library C:\Users\320052125\C++CaseStudy\casestudy1\StaticCodeAnalyzer\Debug\StaticCodeAnalyzerTest.lib and object C:\Users\320052125\C++CaseStudy\casestudy1\StaticCodeAnalyzer\Debug\StaticCodeAnalyzerTest.exp
unittest1.obj : error LNK2019: unresolved external symbol "public: static bool __cdecl StaticCodeAnalyzer::PMDTool(char const *)" (?PMDTool@StaticCodeAnalyzer@@SA_NPBD@Z) referenced in function "public: void __thiscall StaticCodeAnalyzerTest::UnitTest1::TestMethod1(void)" (?TestMethod1@UnitTest1@StaticCodeAnalyzerTest@@QAEXXZ)
C:\Users\320052125\C++CaseStudy\casestudy1\StaticCodeAnalyzer\Debug\StaticCodeAnalyzerTest.dll : fatal error LNK1120: 1 unresolved externals
